============================= test session starts ==============================
platform linux -- Python 3.12.1, pytest-8.3.4, pluggy-1.5.0
rootdir: /workspaces/Nexus-AuthGrid
plugins: anyio-4.7.0
collected 0 items / 1 error

==================================== ERRORS ====================================
_______________________ ERROR collecting test_server.py ________________________
/usr/local/py-utils/venvs/pytest/lib/python3.12/site-packages/_pytest/python.py:493: in importtestmodule
    mod = import_path(
/usr/local/py-utils/venvs/pytest/lib/python3.12/site-packages/_pytest/pathlib.py:587: in import_path
    importlib.import_module(module_name)
/usr/local/python/3.12.1/lib/python3.12/importlib/__init__.py:90: in import_module
    return _bootstrap._gcd_import(name[level:], package, level)
<frozen importlib._bootstrap>:1387: in _gcd_import
    ???
<frozen importlib._bootstrap>:1360: in _find_and_load
    ???
<frozen importlib._bootstrap>:1331: in _find_and_load_unlocked
    ???
<frozen importlib._bootstrap>:935: in _load_unlocked
    ???
/usr/local/py-utils/venvs/pytest/lib/python3.12/site-packages/_pytest/assertion/rewrite.py:175: in exec_module
    source_stat, co = _rewrite_test(fn, self.config)
/usr/local/py-utils/venvs/pytest/lib/python3.12/site-packages/_pytest/assertion/rewrite.py:355: in _rewrite_test
    tree = ast.parse(source, filename=strfn)
/usr/local/python/3.12.1/lib/python3.12/ast.py:52: in parse
    return compile(source, filename, mode, flags,
E     File "/workspaces/Nexus-AuthGrid/test_server.py", line 128
E       app.run(host="
E                    ^
E   SyntaxError: unterminated string literal (detected at line 128)
=========================== short test summary info ============================
ERROR test_server.py
!!!!!!!!!!!!!!!!!!!! Interrupted: 1 error during collection !!!!!!!!!!!!!!!!!!!!
=============================== 1 error in 0.20s ===============================
============================= test session starts ==============================
platform linux -- Python 3.12.1, pytest-8.3.4, pluggy-1.5.0
rootdir: /workspaces/Nexus-AuthGrid
plugins: anyio-4.7.0
collected 0 items / 1 error

==================================== ERRORS ====================================
_______________________ ERROR collecting test_server.py ________________________
/usr/local/py-utils/venvs/pytest/lib/python3.12/site-packages/_pytest/python.py:493: in importtestmodule
    mod = import_path(
/usr/local/py-utils/venvs/pytest/lib/python3.12/site-packages/_pytest/pathlib.py:587: in import_path
    importlib.import_module(module_name)
/usr/local/python/3.12.1/lib/python3.12/importlib/__init__.py:90: in import_module
    return _bootstrap._gcd_import(name[level:], package, level)
<frozen importlib._bootstrap>:1387: in _gcd_import
    ???
<frozen importlib._bootstrap>:1360: in _find_and_load
    ???
<frozen importlib._bootstrap>:1331: in _find_and_load_unlocked
    ???
<frozen importlib._bootstrap>:935: in _load_unlocked
    ???
/usr/local/py-utils/venvs/pytest/lib/python3.12/site-packages/_pytest/assertion/rewrite.py:175: in exec_module
    source_stat, co = _rewrite_test(fn, self.config)
/usr/local/py-utils/venvs/pytest/lib/python3.12/site-packages/_pytest/assertion/rewrite.py:355: in _rewrite_test
    tree = ast.parse(source, filename=strfn)
/usr/local/python/3.12.1/lib/python3.12/ast.py:52: in parse
    return compile(source, filename, mode, flags,
E     File "/workspaces/Nexus-AuthGrid/test_server.py", line 128
E       app.run(host="
E                    ^
E   SyntaxError: unterminated string literal (detected at line 128)
=========================== short test summary info ============================
ERROR test_server.py
!!!!!!!!!!!!!!!!!!!! Interrupted: 1 error during collection !!!!!!!!!!!!!!!!!!!!
=============================== 1 error in 0.18s ===============================
